TN:
SF:src/nota.ts
FN:6,(anonymous_0)
FN:9,(anonymous_1)
FN:13,(anonymous_2)
FN:17,(anonymous_3)
FN:21,(anonymous_4)
FN:25,(anonymous_5)
FN:29,(anonymous_6)
FN:33,(anonymous_7)
FN:49,(anonymous_8)
FNF:9
FNH:9
FNDA:5,(anonymous_0)
FNDA:2,(anonymous_1)
FNDA:2,(anonymous_2)
FNDA:2,(anonymous_3)
FNDA:1,(anonymous_4)
FNDA:1,(anonymous_5)
FNDA:1,(anonymous_6)
FNDA:4,(anonymous_7)
FNDA:4,(anonymous_8)
DA:1,1
DA:5,1
DA:6,5
DA:7,5
DA:10,2
DA:14,2
DA:18,2
DA:22,1
DA:26,1
DA:30,1
DA:34,4
DA:36,2
DA:37,2
DA:39,1
DA:41,1
DA:42,1
DA:44,1
DA:45,1
DA:50,4
DA:52,2
DA:53,2
DA:55,1
DA:57,1
DA:58,1
DA:60,1
DA:61,1
LF:26
LH:26
BRDA:35,0,0,2
BRDA:35,0,1,1
BRDA:35,0,2,1
BRDA:35,0,3,1
BRDA:51,1,0,2
BRDA:51,1,1,1
BRDA:51,1,2,1
BRDA:51,1,3,1
BRF:8
BRH:8
end_of_record
