TN:
SF:src/gestorNota.ts
FN:7,(anonymous_0)
FN:9,(anonymous_1)
FN:32,(anonymous_2)
FN:45,(anonymous_3)
FN:57,(anonymous_4)
FN:62,(anonymous_5)
FN:69,(anonymous_6)
FN:70,(anonymous_7)
FN:91,(anonymous_8)
FN:93,(anonymous_9)
FNF:10
FNH:10
FNDA:2,(anonymous_0)
FNDA:1,(anonymous_1)
FNDA:1,(anonymous_2)
FNDA:1,(anonymous_3)
FNDA:1,(anonymous_4)
FNDA:4,(anonymous_5)
FNDA:4,(anonymous_6)
FNDA:4,(anonymous_7)
FNDA:1,(anonymous_8)
FNDA:1,(anonymous_9)
DA:2,1
DA:3,1
DA:4,1
DA:6,1
DA:10,1
DA:11,1
DA:14,1
DA:15,1
DA:16,1
DA:17,0
DA:20,1
DA:21,1
DA:24,0
DA:25,0
DA:27,0
DA:28,0
DA:33,1
DA:36,1
DA:38,1
DA:39,1
DA:41,0
DA:46,1
DA:49,1
DA:50,1
DA:51,1
DA:53,0
DA:58,1
DA:60,1
DA:61,1
DA:62,1
DA:63,4
DA:66,1
DA:67,0
DA:69,1
DA:70,4
DA:71,4
DA:72,0
DA:74,4
DA:75,4
DA:76,1
DA:77,3
DA:78,0
DA:79,3
DA:80,2
DA:81,1
DA:82,1
DA:92,1
DA:93,1
DA:94,1
DA:95,0
DA:97,1
DA:98,1
DA:100,0
DA:101,0
DA:103,0
DA:104,0
DA:106,1
DA:107,1
DA:109,0
DA:110,0
DA:115,0
LF:61
LH:43
BRDA:14,0,0,1
BRDA:14,0,1,0
BRDA:16,1,0,0
BRDA:16,1,1,1
BRDA:36,2,0,1
BRDA:36,2,1,0
BRDA:49,3,0,1
BRDA:49,3,1,0
BRDA:60,4,0,1
BRDA:60,4,1,0
BRDA:66,5,0,0
BRDA:66,5,1,1
BRDA:71,6,0,0
BRDA:71,6,1,4
BRDA:75,7,0,1
BRDA:75,7,1,3
BRDA:77,8,0,0
BRDA:77,8,1,3
BRDA:79,9,0,2
BRDA:79,9,1,1
BRDA:81,10,0,1
BRDA:81,10,1,0
BRDA:92,11,0,1
BRDA:92,11,1,0
BRDA:94,12,0,0
BRDA:94,12,1,1
BRDA:99,13,0,0
BRDA:99,13,1,0
BRDA:99,13,2,1
BRDA:99,13,3,0
BRF:30
BRH:16
end_of_record
TN:
SF:src/nota.ts
FN:4,(anonymous_0)
FN:7,(anonymous_1)
FN:11,(anonymous_2)
FN:15,(anonymous_3)
FN:19,(anonymous_4)
FN:23,(anonymous_5)
FN:27,(anonymous_6)
FN:31,(anonymous_7)
FN:50,(anonymous_8)
FNF:9
FNH:9
FNDA:6,(anonymous_0)
FNDA:4,(anonymous_1)
FNDA:3,(anonymous_2)
FNDA:3,(anonymous_3)
FNDA:1,(anonymous_4)
FNDA:1,(anonymous_5)
FNDA:1,(anonymous_6)
FNDA:4,(anonymous_7)
FNDA:4,(anonymous_8)
DA:1,1
DA:3,1
DA:4,6
DA:5,6
DA:8,4
DA:12,3
DA:16,3
DA:20,1
DA:24,1
DA:28,1
DA:32,4
DA:34,2
DA:35,2
DA:37,1
DA:39,1
DA:40,1
DA:42,1
DA:43,1
DA:45,0
DA:46,0
DA:51,4
DA:53,2
DA:54,2
DA:56,1
DA:58,1
DA:59,1
DA:61,1
DA:62,1
DA:64,0
DA:65,0
LF:30
LH:26
BRDA:33,0,0,2
BRDA:33,0,1,1
BRDA:33,0,2,1
BRDA:33,0,3,1
BRDA:33,0,4,0
BRDA:52,1,0,2
BRDA:52,1,1,1
BRDA:52,1,2,1
BRDA:52,1,3,1
BRDA:52,1,4,0
BRF:10
BRH:8
end_of_record
